<?xml version="1.0" encoding="UTF-8"?>
<testsuites name="TestSuite1" time="0" tests="0" failures="0" errors="0">
   <testsuite name="TestSuite1" tests="0" failures="0" errors="0" time="0" timestamp="2018-12-12 22:31:42" hostname="KSS - 192.168.27.106" id="Test Suites/TestSuite1">
      <properties>
         <property name="deviceName" value=""/>
         <property name="devicePlatform" value=""/>
         <property name="logFolder" value="/Users/apple/MyWorkPlace/myWorkspace/KatalonWorkspace/Sample Project/Reports/TestSuite1/20181212_223138"/>
         <property name="logFiles" value="/Users/apple/MyWorkPlace/myWorkspace/KatalonWorkspace/Sample Project/Reports/TestSuite1/20181212_223138/execution0.log"/>
         <property name="attachments" value=""/>
         <property name="hostName" value="KSS - 192.168.27.106"/>
         <property name="hostAddress" value="192.168.27.106"/>
         <property name="os" value="Mac OS X 64bit"/>
         <property name="katalonVersion" value="5.9.1.2"/>
      </properties>
      <system-out><![CDATA[2018-12-12 22:31:42 - [TEST_SUITE][PASSED] - TestSuite1: null]]></system-out>
      <system-err><![CDATA[]]></system-err>
   </testsuite>
</testsuites>
